<?xml version="1.0" encoding="UTF-8"?>
<!-- Generated by org.testng.reporters.JUnitReportReporter -->
<testsuite skipped="0" hostname="Hayriyes-MBP" name="com.qa.darkskynet.tests.HomePageTest" tests="2" failures="0" timestamp="2020-08-04T11:50:08 EDT" time="7.772" errors="0">
  <testcase name="verifyCheckLowestTemp" time="3.922" classname="com.qa.darkskynet.tests.HomePageTest"/>
  <system-out/>
  <testcase name="verifyCheckHighestTemp" time="3.850" classname="com.qa.darkskynet.tests.HomePageTest"/>
  <system-out/>
</testsuite> <!-- com.qa.darkskynet.tests.HomePageTest -->
